
2024-11-06 00:58:47,998 - INFO - Initializing nonsymmetric sampler.
2024-11-06 01:00:28,948 - INFO - Initializing nonsymmetric sampler.
2024-11-06 01:02:25,238 - INFO - Initializing nonsymmetric sampler.
2024-11-06 01:02:51,022 - INFO - Initializing nonsymmetric sampler.
2024-11-06 01:03:47,952 - INFO - Initializing nonsymmetric sampler.
2024-11-06 01:04:32,474 - INFO - Initializing nonsymmetric sampler.
2024-11-06 01:17:03,673 - INFO - Initializing nonsymmetric sampler.
2024-11-06 01:18:32,133 - INFO - Initializing nonsymmetric sampler.
2024-11-06 01:19:00,193 - INFO - Initializing nonsymmetric sampler.
2024-11-06 01:19:09,578 - INFO - Initializing nonsymmetric sampler.
2024-11-06 01:22:56,261 - INFO - Initializing nonsymmetric sampler.
2024-11-06 01:24:56,545 - INFO - Initializing nonsymmetric sampler.
2024-11-06 01:26:16,209 - INFO - Initializing nonsymmetric sampler.
2024-11-06 01:28:37,164 - INFO - Initializing nonsymmetric sampler.
2024-11-06 01:30:02,697 - INFO - Initializing nonsymmetric sampler.
2024-11-06 01:30:42,817 - INFO - Initializing nonsymmetric sampler.
2024-11-06 01:38:55,220 - INFO - Initializing nonsymmetric sampler.
2024-11-06 01:39:38,269 - INFO - Initializing nonsymmetric sampler.
2024-11-06 01:39:58,136 - INFO - Initializing nonsymmetric sampler.
2024-11-06 01:40:08,505 - INFO - Initializing nonsymmetric sampler.
2024-11-06 01:40:25,162 - INFO - Initializing nonsymmetric sampler.
2024-11-06 01:41:11,662 - INFO - Initializing nonsymmetric sampler.
2024-11-06 01:41:25,580 - INFO - Initializing nonsymmetric sampler.
2024-11-06 01:42:20,185 - INFO - Initializing nonsymmetric sampler.
2024-11-06 01:42:43,105 - INFO - Initializing nonsymmetric sampler.
2024-11-06 01:43:35,689 - INFO - Initializing nonsymmetric sampler.
2024-11-06 01:44:33,768 - INFO - Initializing nonsymmetric sampler.
2024-11-06 01:45:54,503 - INFO - Initializing nonsymmetric sampler.
2024-11-06 01:48:14,535 - INFO - Initializing nonsymmetric sampler.
2024-11-06 01:56:30,854 - INFO - Initializing nonsymmetric sampler.
2024-11-06 01:57:22,128 - INFO - Initializing nonsymmetric sampler.
2024-11-06 01:58:31,298 - INFO - Initializing nonsymmetric sampler.
2024-11-06 01:58:39,012 - INFO - Initializing nonsymmetric sampler.
2024-11-06 01:58:49,116 - INFO - Initializing nonsymmetric sampler.
2024-11-06 01:58:56,541 - INFO - Initializing nonsymmetric sampler.
2024-11-06 02:02:50,641 - INFO - Initializing nonsymmetric sampler.
2024-11-06 02:03:25,912 - INFO - Initializing nonsymmetric sampler.
2024-11-06 02:03:36,027 - INFO - Initializing nonsymmetric sampler.
2024-11-06 02:04:00,812 - INFO - Initializing nonsymmetric sampler.
2024-11-06 02:04:11,824 - INFO - Initializing nonsymmetric sampler.
2024-11-06 02:05:14,430 - INFO - Initializing nonsymmetric sampler.
2024-11-06 02:05:14,431 - INFO - Sampling DAG 1/1.
2024-11-06 02:05:24,874 - INFO - Initializing nonsymmetric sampler.
2024-11-06 02:05:33,793 - INFO - Initializing nonsymmetric sampler.
2024-11-06 02:05:50,833 - INFO - Initializing nonsymmetric sampler.
2024-11-06 02:06:02,900 - INFO - Initializing nonsymmetric sampler.
2024-11-06 02:06:16,984 - INFO - Initializing nonsymmetric sampler.
2024-11-06 02:06:33,511 - INFO - Initializing nonsymmetric sampler.
2024-11-06 02:06:47,999 - INFO - Initializing nonsymmetric sampler.
2024-11-06 02:07:17,845 - INFO - Initializing nonsymmetric sampler.
2024-11-06 02:07:25,287 - INFO - Initializing nonsymmetric sampler.
2024-11-06 02:07:32,952 - INFO - Initializing nonsymmetric sampler.
2024-11-06 02:07:41,426 - INFO - Initializing nonsymmetric sampler.
2024-11-06 02:07:55,359 - INFO - Initializing nonsymmetric sampler.
2024-11-06 02:07:55,359 - INFO - Sampling DAG 1/1.
2024-11-06 02:08:03,138 - INFO - Initializing nonsymmetric sampler.
2024-11-06 02:08:03,138 - INFO - Sampling DAG 1/1.
2024-11-06 02:08:09,833 - INFO - Initializing nonsymmetric sampler.
2024-11-06 02:08:19,237 - INFO - Initializing nonsymmetric sampler.
2024-11-06 02:09:36,245 - INFO - Initializing nonsymmetric sampler.
2024-11-06 02:10:26,909 - INFO - Initializing nonsymmetric sampler.
2024-11-06 02:10:26,910 - INFO - Sampling DAG 1/1.
2024-11-06 02:15:10,631 - INFO - Initializing nonsymmetric sampler.
2024-11-06 02:15:10,633 - INFO - Sampling DAG 1/1.
2024-11-06 02:19:02,484 - INFO - Initializing nonsymmetric sampler.
2024-11-06 02:19:02,484 - INFO - Sampling DAG 1/1.
2024-11-06 02:20:02,961 - INFO - Initializing nonsymmetric sampler.
2024-11-06 02:20:02,961 - INFO - Sampling DAG 1/1.
2024-11-06 02:25:00,661 - INFO - Initializing nonsymmetric sampler.
2024-11-06 02:25:00,661 - INFO - Sampling DAG 1/1.
2024-11-06 02:40:08,990 - INFO - Initializing nonsymmetric sampler.
2024-11-06 02:40:08,994 - INFO - Sampling DAG 1/1.
2024-11-06 02:44:25,952 - INFO - Initializing nonsymmetric sampler.
2024-11-06 02:44:25,952 - INFO - Sampling DAG 1/1.
2024-11-06 02:46:20,989 - INFO - Initializing nonsymmetric sampler.
2024-11-06 02:46:20,990 - INFO - Sampling DAG 1/1.
2024-11-06 02:49:26,878 - INFO - Initializing nonsymmetric sampler.
2024-11-06 02:49:26,879 - INFO - Sampling DAG 1/1.
2024-11-06 02:51:34,514 - INFO - Initializing nonsymmetric sampler.
2024-11-06 02:51:34,515 - INFO - Sampling DAG 1/1.
2024-11-06 02:53:07,220 - INFO - Initializing nonsymmetric sampler.
2024-11-06 02:53:34,907 - INFO - Initializing nonsymmetric sampler.
2024-11-06 02:53:45,524 - INFO - Initializing nonsymmetric sampler.
2024-11-06 02:53:45,525 - INFO - Sampling DAG 1/1.
2024-11-06 08:12:36,618 - INFO - Initializing nonsymmetric sampler.
2024-11-06 08:12:36,619 - INFO - Sampling DAG 1/1.
2024-11-06 08:17:28,377 - INFO - Initializing nonsymmetric sampler.
2024-11-06 08:17:28,379 - INFO - Sampling DAG 1/1.
2024-11-06 08:17:38,684 - INFO - Initializing nonsymmetric sampler.
2024-11-06 08:17:38,685 - INFO - Sampling DAG 1/1.
2024-11-06 08:17:58,430 - INFO - Initializing nonsymmetric sampler.
2024-11-06 08:17:58,431 - INFO - Sampling DAG 1/1.
2024-11-06 08:18:22,449 - INFO - Initializing nonsymmetric sampler.
2024-11-06 08:18:22,450 - INFO - Sampling DAG 1/1.
2024-11-06 08:18:22,451 - INFO - Sampling DAG 1 completed successfully.
2024-11-06 08:18:22,451 - INFO - Cleaning up sampler.
2024-11-06 08:18:22,451 - INFO - Sampling completed successfully.
2024-11-06 08:21:36,261 - INFO - Initializing nonsymmetric sampler.
2024-11-06 08:24:15,693 - INFO - Initializing nonsymmetric sampler.
2024-11-06 08:24:15,891 - INFO - Initializing nonsymmetric sampler.
2024-11-06 08:25:24,217 - INFO - Initializing nonsymmetric sampler.
2024-11-06 08:25:42,886 - INFO - Initializing nonsymmetric sampler.
2024-11-06 08:25:57,095 - INFO - Initializing nonsymmetric sampler.
2024-11-06 08:26:25,705 - INFO - Initializing nonsymmetric sampler.
2024-11-06 08:28:19,843 - INFO - Initializing nonsymmetric sampler.
2024-11-06 08:28:37,832 - INFO - Initializing nonsymmetric sampler.
2024-11-06 08:29:30,468 - INFO - Initializing nonsymmetric sampler.
2024-11-06 08:29:47,683 - INFO - Initializing nonsymmetric sampler.
2024-11-06 08:30:57,010 - INFO - Initializing nonsymmetric sampler.
2024-11-06 08:33:29,068 - INFO - Initializing nonsymmetric sampler.
2024-11-06 08:33:55,661 - INFO - Initializing nonsymmetric sampler.
2024-11-06 08:34:09,119 - INFO - Initializing nonsymmetric sampler.
2024-11-06 08:36:37,256 - INFO - Initializing nonsymmetric sampler.
2024-11-06 08:36:48,756 - INFO - Initializing nonsymmetric sampler.
2024-11-06 08:38:37,527 - INFO - Initializing nonsymmetric sampler.
2024-11-06 08:41:48,530 - INFO - Initializing nonsymmetric sampler.
2024-11-06 08:42:18,915 - INFO - Initializing nonsymmetric sampler.
2024-11-06 08:43:32,299 - INFO - Initializing nonsymmetric sampler.
2024-11-06 08:43:47,560 - INFO - Initializing nonsymmetric sampler.
2024-11-06 08:49:32,445 - INFO - Initializing nonsymmetric sampler.
2024-11-06 08:49:34,036 - INFO - Sampling DAG 1/1.
2024-11-06 08:49:34,085 - INFO - Sampling DAG 1 completed successfully.
2024-11-06 08:49:34,086 - INFO - Cleaning up sampler.
2024-11-06 08:49:34,090 - INFO - Sampling completed successfully.
2024-11-06 08:53:54,771 - INFO - Initializing nonsymmetric sampler.
2024-11-06 08:53:56,150 - INFO - Sampling DAG 1/1.
2024-11-06 08:53:56,156 - INFO - Sampling DAG 1 completed successfully.
2024-11-06 08:54:01,703 - INFO - Cleaning up sampler.
2024-11-06 08:54:01,705 - INFO - Sampling completed successfully.
2024-11-06 08:54:17,675 - INFO - Initializing nonsymmetric sampler.
2024-11-06 08:54:18,948 - INFO - Sampling DAG 1/1.
2024-11-06 08:54:18,954 - INFO - Sampling DAG 1 completed successfully.
2024-11-06 08:54:22,971 - INFO - Cleaning up sampler.
2024-11-06 08:54:22,972 - INFO - Sampling completed successfully.
2024-11-06 08:59:31,168 - INFO - Initializing nonsymmetric sampler.
2024-11-06 08:59:32,468 - INFO - Sampling DAG 1/1.
2024-11-06 08:59:32,476 - INFO - Sampling DAG 1 completed successfully.
2024-11-06 08:59:34,854 - INFO - Cleaning up sampler.
2024-11-06 08:59:34,856 - INFO - Sampling completed successfully.
2024-11-06 09:12:33,991 - INFO - Initializing nonsymmetric sampler.
2024-11-06 09:12:35,454 - INFO - Sampling DAG 1/1.
2024-11-06 09:12:35,512 - INFO - Sampling DAG 1 completed successfully.
2024-11-06 09:12:58,955 - INFO - Cleaning up sampler.
2024-11-06 09:12:58,956 - INFO - Sampling completed successfully.
